2020-03-28 20:25:50.803 autoproj osdeps 0.132831234
2020-03-28 20:25:50.937 autoproj osdeps 1.517208761
2020-03-28 20:25:52.456 autoproj osdeps 0.13755878
2020-03-28 20:25:52.953 rock.core import 1.617673142
2020-03-28 20:25:54.576 rock.core import 0.009014421
2020-03-28 20:25:54.587 rock.core import 0.006466397
2020-03-28 20:25:54.599 rock.core import 0.008890698
2020-03-28 20:25:54.614 rock.core import 0.009243058
2020-03-28 20:25:54.629 rock.core import 0.008967726
2020-03-28 20:25:54.643 rock.core import 0.008907112
2020-03-28 20:25:54.658 rock.core import 0.008437863
2020-03-28 20:25:54.672 rock.core import 0.007700128
2020-03-28 20:25:54.685 rock.core import 0.007689755
2020-03-28 20:25:54.697 rock.core import 0.007894112
2020-03-28 20:25:54.710 rock.core import 0.007869644
2020-03-28 20:25:54.720 rock.core import 0.002266341
2020-03-28 20:26:06.217 autoproj osdeps 0.124019947
2020-03-28 20:26:06.343 autoproj osdeps 1.370901369
2020-03-28 20:26:07.718 autoproj osdeps 0.13752043
2020-03-28 20:26:08.204 rock.core import 1.818789849
2020-03-28 20:26:10.028 rock.core import 0.009108772
2020-03-28 20:26:10.038 rock.core import 0.002363166
2020-03-28 20:26:10.042 rock.core import 0.002458297
2020-03-28 20:26:10.046 rock.core import 0.002863211
2020-03-28 20:26:10.051 rock.core import 0.002938013
2020-03-28 20:26:10.056 rock.core import 0.003280957
2020-03-28 20:26:10.061 rock.core import 0.003946451
2020-03-28 20:26:10.068 rock.core import 0.004480398
2020-03-28 20:26:10.076 rock.core import 0.005677176
2020-03-28 20:26:10.086 rock.core import 0.00704975
2020-03-28 20:26:10.097 rock.core import 0.008216029
2020-03-28 20:26:10.110 rock.core import 0.007857078
2020-03-28 20:31:42.600 autoproj osdeps 0.131444543
2020-03-28 20:31:42.733 autoproj osdeps 1.42276589
2020-03-28 20:31:44.157 autoproj osdeps 0.136724856
2020-03-28 20:31:44.653 rock.core import 1.646474811
2020-03-28 20:31:46.305 rock.core import 0.009302013
2020-03-28 20:31:46.316 rock.core import 0.002371503
2020-03-28 20:31:46.320 rock.core import 0.002386656
2020-03-28 20:31:46.324 rock.core import 0.002604618
2020-03-28 20:31:46.328 rock.core import 0.002758792
2020-03-28 20:31:46.332 rock.core import 0.003113693
2020-03-28 20:31:46.337 rock.core import 0.003377388
2020-03-28 20:31:46.343 rock.core import 0.003509735
2020-03-28 20:31:46.349 rock.core import 0.004032953
2020-03-28 20:31:46.356 rock.core import 0.005234845
2020-03-28 20:31:46.365 rock.core import 0.005212869
2020-03-28 20:31:46.373 rock.core import 0.005097725
2020-03-28 21:54:47.313 autoproj osdeps 0.123612058
2020-03-28 21:54:47.439 autoproj osdeps 1.449931126
2020-03-28 21:54:48.893 autoproj osdeps 0.13700079
2020-03-28 21:54:49.375 rock.core import 1.761370024
2020-03-28 21:54:51.142 rock.core import 0.00853361
2020-03-28 21:54:51.152 rock.core import 0.002130117
2020-03-28 21:54:51.155 rock.core import 0.002274236
2020-03-28 21:54:51.159 rock.core import 0.002391763
2020-03-28 21:54:51.163 rock.core import 0.002628816
2020-03-28 21:54:51.167 rock.core import 0.002663164
2020-03-28 21:54:51.172 rock.core import 0.003064878
2020-03-28 21:54:51.177 rock.core import 0.003581698
2020-03-28 21:54:51.183 rock.core import 0.004986285
2020-03-28 21:54:51.192 rock.core import 0.005827375
2020-03-28 21:54:51.201 rock.core import 0.005679523
2020-03-28 21:54:51.210 rock.core import 0.00573035
2020-03-29 03:39:38.908 autoproj osdeps 0.131380162
2020-03-29 03:39:39.043 autoproj osdeps 1.46265481
2020-03-29 03:39:40.508 autoproj osdeps 0.139122806
2020-03-29 03:39:41.019 rock.core import 1.780797581
2020-03-29 03:39:42.805 rock.core import 0.009427055
2020-03-29 03:39:42.816 rock.core import 0.002393663
2020-03-29 03:39:42.820 rock.core import 0.002376202
2020-03-29 03:39:42.824 rock.core import 0.002579674
2020-03-29 03:39:42.828 rock.core import 0.002734479
2020-03-29 03:39:42.833 rock.core import 0.003110744
2020-03-29 03:39:42.838 rock.core import 0.003415244
2020-03-29 03:39:42.844 rock.core import 0.004183211
2020-03-29 03:39:42.851 rock.core import 0.004830433
2020-03-29 03:39:42.859 rock.core import 0.005617642
2020-03-29 03:39:42.868 rock.core import 0.004965008
2020-03-29 03:39:42.876 rock.core import 0.00496108
2020-03-29 04:03:20.473 autoproj osdeps 0.133612293
2020-03-29 04:03:20.608 autoproj osdeps 1.419824297
2020-03-29 04:03:22.032 autoproj osdeps 0.14206367
2020-03-29 04:03:22.526 rock.core import 1.884148928
2020-03-29 04:03:24.416 rock.core import 0.007763524
2020-03-29 04:03:24.425 rock.core import 0.00189239
2020-03-29 04:03:24.428 rock.core import 0.001934235
2020-03-29 04:03:24.431 rock.core import 0.002013756
2020-03-29 04:03:24.434 rock.core import 0.002214364
2020-03-29 04:03:24.438 rock.core import 0.002415654
2020-03-29 04:03:24.442 rock.core import 0.002340656
2020-03-29 04:03:24.446 rock.core import 0.00242708
2020-03-29 04:03:24.450 rock.core import 0.003133856
2020-03-29 04:03:24.455 rock.core import 0.003566533
2020-03-29 04:03:24.461 rock.core import 0.004345415
2020-03-29 04:03:24.468 rock.core import 0.006525695
2020-03-29 04:03:34.867 git:git@github.com:/rock-core/rock-package_set.git interactive=false push_to=git@github.com:/rock-core/rock-package_set.git repository_id=github:/rock-core/rock-package_set.git retry_count=10 import 2.396775998
2020-03-29 04:03:37.268 git:git@github.com:/rock-core/rock-package_set.git interactive=false push_to=git@github.com:/rock-core/rock-package_set.git repository_id=github:/rock-core/rock-package_set.git retry_count=10 import 0.006072389
2020-03-29 04:03:37.277 git:git@github.com:/rock-core/rock-package_set.git interactive=false push_to=git@github.com:/rock-core/rock-package_set.git repository_id=github:/rock-core/rock-package_set.git retry_count=10 import 0.004497613
2020-03-29 04:03:37.284 git:git@github.com:/rock-core/rock-package_set.git interactive=false push_to=git@github.com:/rock-core/rock-package_set.git repository_id=github:/rock-core/rock-package_set.git retry_count=10 import 0.004339594
2020-03-29 04:03:37.291 git:git@github.com:/rock-core/rock-package_set.git interactive=false push_to=git@github.com:/rock-core/rock-package_set.git repository_id=github:/rock-core/rock-package_set.git retry_count=10 import 0.004505915
2020-03-29 04:03:37.298 git:git@github.com:/rock-core/rock-package_set.git interactive=false push_to=git@github.com:/rock-core/rock-package_set.git repository_id=github:/rock-core/rock-package_set.git retry_count=10 import 0.004495162
2020-03-29 04:03:37.305 git:git@github.com:/rock-core/rock-package_set.git interactive=false push_to=git@github.com:/rock-core/rock-package_set.git repository_id=github:/rock-core/rock-package_set.git retry_count=10 import 0.004395872
2020-03-29 04:03:37.315 git:git@github.com:/rock-core/rock-package_set.git interactive=false push_to=git@github.com:/rock-core/rock-package_set.git repository_id=github:/rock-core/rock-package_set.git retry_count=10 import 0.004614734
2020-03-29 04:03:37.322 git:git@github.com:/rock-core/rock-package_set.git interactive=false push_to=git@github.com:/rock-core/rock-package_set.git repository_id=github:/rock-core/rock-package_set.git retry_count=10 import 0.004438882
2020-03-29 04:03:37.330 git:git@github.com:/rock-core/rock-package_set.git interactive=false push_to=git@github.com:/rock-core/rock-package_set.git repository_id=github:/rock-core/rock-package_set.git retry_count=10 import 0.004376746
2020-03-29 04:03:37.337 git:git@github.com:/rock-core/rock-package_set.git interactive=false push_to=git@github.com:/rock-core/rock-package_set.git repository_id=github:/rock-core/rock-package_set.git retry_count=10 import 0.004576516
2020-03-29 04:03:37.344 git:git@github.com:/rock-core/rock-package_set.git interactive=false push_to=git@github.com:/rock-core/rock-package_set.git repository_id=github:/rock-core/rock-package_set.git retry_count=10 import 0.004663584
2020-03-29 04:03:37.352 git:git@github.com:/rock-core/rock-package_set.git interactive=false push_to=git@github.com:/rock-core/rock-package_set.git repository_id=github:/rock-core/rock-package_set.git retry_count=10 import 0.00466148
2020-03-29 04:03:37.359 git:git@github.com:/rock-core/rock-package_set.git interactive=false push_to=git@github.com:/rock-core/rock-package_set.git repository_id=github:/rock-core/rock-package_set.git retry_count=10 import 0.004926248
2020-03-29 04:03:37.392 git:git@github.com:/orocos-toolchain/autoproj.git interactive=false push_to=git@github.com:/orocos-toolchain/autoproj.git repository_id=github:/orocos-toolchain/autoproj.git retry_count=10 import 1.80301775
2020-03-29 04:03:39.197 git:git@github.com:/orocos-toolchain/autoproj.git interactive=false push_to=git@github.com:/orocos-toolchain/autoproj.git repository_id=github:/orocos-toolchain/autoproj.git retry_count=10 import 0.002593899
2020-03-29 04:03:39.201 git:git@github.com:/orocos-toolchain/autoproj.git interactive=false push_to=git@github.com:/orocos-toolchain/autoproj.git repository_id=github:/orocos-toolchain/autoproj.git retry_count=10 import 0.002550653
2020-03-29 04:03:39.205 git:git@github.com:/orocos-toolchain/autoproj.git interactive=false push_to=git@github.com:/orocos-toolchain/autoproj.git repository_id=github:/orocos-toolchain/autoproj.git retry_count=10 import 0.00280402
2020-03-29 04:03:39.210 git:git@github.com:/orocos-toolchain/autoproj.git interactive=false push_to=git@github.com:/orocos-toolchain/autoproj.git repository_id=github:/orocos-toolchain/autoproj.git retry_count=10 import 0.002900815
2020-03-29 04:03:39.214 git:git@github.com:/orocos-toolchain/autoproj.git interactive=false push_to=git@github.com:/orocos-toolchain/autoproj.git repository_id=github:/orocos-toolchain/autoproj.git retry_count=10 import 0.003198489
2020-03-29 04:03:39.220 git:git@github.com:/orocos-toolchain/autoproj.git interactive=false push_to=git@github.com:/orocos-toolchain/autoproj.git repository_id=github:/orocos-toolchain/autoproj.git retry_count=10 import 0.004367575
2020-03-29 04:03:39.227 git:git@github.com:/orocos-toolchain/autoproj.git interactive=false push_to=git@github.com:/orocos-toolchain/autoproj.git repository_id=github:/orocos-toolchain/autoproj.git retry_count=10 import 0.008311948
2020-03-29 04:03:39.239 git:git@github.com:/orocos-toolchain/autoproj.git interactive=false push_to=git@github.com:/orocos-toolchain/autoproj.git repository_id=github:/orocos-toolchain/autoproj.git retry_count=10 import 0.004193347
2020-03-29 04:03:39.246 git:git@github.com:/orocos-toolchain/autoproj.git interactive=false push_to=git@github.com:/orocos-toolchain/autoproj.git repository_id=github:/orocos-toolchain/autoproj.git retry_count=10 import 0.004249193
2020-03-29 04:03:39.252 git:git@github.com:/orocos-toolchain/autoproj.git interactive=false push_to=git@github.com:/orocos-toolchain/autoproj.git repository_id=github:/orocos-toolchain/autoproj.git retry_count=10 import 0.004296501
2020-03-29 04:03:39.261 git:git@github.com:/orocos-toolchain/autoproj.git interactive=false push_to=git@github.com:/orocos-toolchain/autoproj.git repository_id=github:/orocos-toolchain/autoproj.git retry_count=10 import 0.004092965
2020-03-29 04:03:39.268 git:git@github.com:/orocos-toolchain/autoproj.git interactive=false push_to=git@github.com:/orocos-toolchain/autoproj.git repository_id=github:/orocos-toolchain/autoproj.git retry_count=10 import 0.003879364
2020-03-29 04:03:39.274 git:git@github.com:/orocos-toolchain/autoproj.git interactive=false push_to=git@github.com:/orocos-toolchain/autoproj.git repository_id=github:/orocos-toolchain/autoproj.git retry_count=10 import 0.003869346
2020-03-29 04:03:39.281 git:git@github.com:/orocos-toolchain/autoproj.git interactive=false push_to=git@github.com:/orocos-toolchain/autoproj.git repository_id=github:/orocos-toolchain/autoproj.git retry_count=10 import 0.004085945
2020-03-29 04:03:39.287 git:git@github.com:/orocos-toolchain/autoproj.git interactive=false push_to=git@github.com:/orocos-toolchain/autoproj.git repository_id=github:/orocos-toolchain/autoproj.git retry_count=10 import 0.004315211
2020-03-29 04:03:39.294 git:git@github.com:/orocos-toolchain/autoproj.git interactive=false push_to=git@github.com:/orocos-toolchain/autoproj.git repository_id=github:/orocos-toolchain/autoproj.git retry_count=10 import 0.00435068
2020-03-29 04:03:39.301 git:git@github.com:/orocos-toolchain/autoproj.git interactive=false push_to=git@github.com:/orocos-toolchain/autoproj.git repository_id=github:/orocos-toolchain/autoproj.git retry_count=10 import 0.00414206
2020-03-29 04:11:56.860 base/scripts import 2.630740534
2020-03-29 04:11:59.492 base/scripts import 0.003065178
2020-03-29 04:11:59.497 base/scripts import 0.002709132
2020-03-29 04:11:59.501 base/scripts import 0.002559965
2020-03-29 04:11:59.505 base/scripts import 0.003038289
2020-03-29 04:11:59.510 base/scripts import 0.003052722
2020-03-29 04:11:59.514 base/scripts import 0.003125695
2020-03-29 04:11:59.519 base/scripts import 0.002997098
2020-03-29 04:11:59.524 base/scripts import 0.003197295
2020-03-29 04:11:59.529 base/scripts import 0.003318727
2020-03-29 04:11:59.534 base/scripts import 0.003609544
2020-03-29 04:11:59.542 base/scripts import 0.003069082
2020-03-29 04:11:59.546 base/scripts import 0.002637442
2020-03-29 04:11:59.551 base/scripts import 0.00332756
2020-03-29 04:11:59.556 base/scripts import 0.004578484
2020-03-29 04:11:59.562 base/scripts import 0.004063666
2020-03-29 04:11:59.568 base/scripts import 0.002971343
2020-03-29 04:11:59.573 base/scripts import 0.002900357
2020-03-29 04:11:56.866 gui/vizkit3d import 4.609125165
2020-03-29 04:12:01.477 gui/vizkit3d import 0.00264269
2020-03-29 04:12:01.482 gui/vizkit3d import 0.003522598
2020-03-29 04:12:01.487 gui/vizkit3d import 0.00266705
2020-03-29 04:12:01.491 gui/vizkit3d import 0.002538064
2020-03-29 04:12:01.495 gui/vizkit3d import 0.002452131
2020-03-29 04:12:01.499 gui/vizkit3d import 0.003092434
2020-03-29 04:12:01.504 gui/vizkit3d import 0.002708753
2020-03-29 04:12:01.509 gui/vizkit3d import 0.002893492
2020-03-29 04:12:01.513 gui/vizkit3d import 0.00261549
2020-03-29 04:12:01.517 gui/vizkit3d import 0.003123607
2020-03-29 04:12:01.523 gui/vizkit3d import 0.002737333
2020-03-29 04:12:01.528 gui/vizkit3d import 0.002577817
2020-03-29 04:12:01.532 gui/vizkit3d import 0.002590497
2020-03-29 04:12:01.536 gui/vizkit3d import 0.003015536
2020-03-29 04:12:01.541 gui/vizkit3d import 0.006816055
2020-03-29 04:12:01.549 gui/vizkit3d import 0.00256723
2020-03-29 04:12:01.553 gui/vizkit3d import 0.002524986
2020-03-29 04:11:56.861 gui/rock_widget_collection import 4.775282306
2020-03-29 04:12:01.638 gui/rock_widget_collection import 0.00380506
2020-03-29 04:12:01.644 gui/rock_widget_collection import 0.003271947
2020-03-29 04:12:01.649 gui/rock_widget_collection import 0.003308066
2020-03-29 04:12:01.654 gui/rock_widget_collection import 0.00339601
2020-03-29 04:12:01.659 gui/rock_widget_collection import 0.003562872
2020-03-29 04:12:01.665 gui/rock_widget_collection import 0.003363315
2020-03-29 04:12:01.670 gui/rock_widget_collection import 0.003376255
2020-03-29 04:12:01.675 gui/rock_widget_collection import 0.003295845
2020-03-29 04:12:01.681 gui/rock_widget_collection import 0.003412469
2020-03-29 04:12:01.686 gui/rock_widget_collection import 0.00317172
2020-03-29 04:12:01.693 gui/rock_widget_collection import 0.003507668
2020-03-29 04:12:01.698 gui/rock_widget_collection import 0.027174063
2020-03-29 04:12:01.729 gui/rock_widget_collection import 0.035070528
2020-03-29 04:12:01.769 gui/rock_widget_collection import 0.009922023
2020-03-29 04:12:01.784 gui/rock_widget_collection import 0.010931237
2020-03-29 04:12:01.800 gui/rock_widget_collection import 0.009415672
2020-03-29 04:12:01.815 gui/rock_widget_collection import 0.009337665
2020-03-29 04:11:56.860 gui/vizkit import 5.385233075
2020-03-29 04:12:02.246 gui/vizkit import 0.002589051
2020-03-29 04:12:02.250 gui/vizkit import 0.002325901
2020-03-29 04:12:02.254 gui/vizkit import 0.002502517
2020-03-29 04:12:02.258 gui/vizkit import 0.00247028
2020-03-29 04:12:02.261 gui/vizkit import 0.002469295
2020-03-29 04:12:02.265 gui/vizkit import 0.00234829
2020-03-29 04:12:02.269 gui/vizkit import 0.002544965
2020-03-29 04:12:02.273 gui/vizkit import 0.002242756
2020-03-29 04:12:02.276 gui/vizkit import 0.002493865
2020-03-29 04:12:02.280 gui/vizkit import 0.00241365
2020-03-29 04:12:02.285 gui/vizkit import 0.002519265
2020-03-29 04:12:02.289 gui/vizkit import 0.002301715
2020-03-29 04:12:02.292 gui/vizkit import 0.002455802
2020-03-29 04:12:02.296 gui/vizkit import 0.00249649
2020-03-29 04:12:02.300 gui/vizkit import 0.002797001
2020-03-29 04:12:02.304 gui/vizkit import 0.002955229
2020-03-29 04:12:02.308 gui/vizkit import 0.004152519
2020-03-29 04:12:01.845 drivers/aggregator import 2.741797834
2020-03-29 04:12:04.592 drivers/aggregator import 0.009070577
2020-03-29 04:12:04.607 drivers/aggregator import 0.009249319
2020-03-29 04:12:04.621 drivers/aggregator import 0.011409987
2020-03-29 04:12:04.638 drivers/aggregator import 0.009233068
2020-03-29 04:12:04.652 drivers/aggregator import 0.009493891
2020-03-29 04:12:04.667 drivers/aggregator import 0.009928122
2020-03-29 04:12:04.682 drivers/aggregator import 0.009610377
2020-03-29 04:12:04.697 drivers/aggregator import 0.010062303
2020-03-29 04:12:04.712 drivers/aggregator import 0.008986265
2020-03-29 04:12:04.726 drivers/aggregator import 0.009206491
2020-03-29 04:12:04.745 drivers/aggregator import 0.009930681
2020-03-29 04:12:04.760 drivers/aggregator import 0.009437845
2020-03-29 04:12:04.776 drivers/aggregator import 0.009128565
2020-03-29 04:12:04.790 drivers/aggregator import 0.009431715
2020-03-29 04:12:04.805 drivers/aggregator import 0.009941466
2020-03-29 04:12:04.820 drivers/aggregator import 0.01040496
2020-03-29 04:12:04.836 drivers/aggregator import 0.009266089
2020-03-29 04:12:02.316 drivers/orogen/transformer import 3.837591903
2020-03-29 04:12:06.155 drivers/orogen/transformer import 0.002847616
2020-03-29 04:12:06.159 drivers/orogen/transformer import 0.002920969
2020-03-29 04:12:06.164 drivers/orogen/transformer import 0.002933091
2020-03-29 04:12:06.168 drivers/orogen/transformer import 0.002771495
2020-03-29 04:12:06.173 drivers/orogen/transformer import 0.002811072
2020-03-29 04:12:06.177 drivers/orogen/transformer import 0.002700373
2020-03-29 04:12:06.181 drivers/orogen/transformer import 0.00277033
2020-03-29 04:12:06.186 drivers/orogen/transformer import 0.00279992
2020-03-29 04:12:06.190 drivers/orogen/transformer import 0.002913068
2020-03-29 04:12:06.194 drivers/orogen/transformer import 0.003149299
2020-03-29 04:12:06.200 drivers/orogen/transformer import 0.002725272
2020-03-29 04:12:06.205 drivers/orogen/transformer import 0.002884389
2020-03-29 04:12:06.209 drivers/orogen/transformer import 0.002688218
2020-03-29 04:12:06.213 drivers/orogen/transformer import 0.002920281
2020-03-29 04:12:06.218 drivers/orogen/transformer import 0.00311027
2020-03-29 04:12:06.223 drivers/orogen/transformer import 0.003196525
2020-03-29 04:12:06.228 drivers/orogen/transformer import 0.003687673
2020-03-29 04:12:01.560 gui/osgviz import 5.738111629
2020-03-29 04:12:07.300 gui/osgviz import 0.003367484
2020-03-29 04:12:07.305 gui/osgviz import 0.003425104
2020-03-29 04:12:07.310 gui/osgviz import 0.003131743
2020-03-29 04:12:07.315 gui/osgviz import 0.002985971
2020-03-29 04:12:07.320 gui/osgviz import 0.003949192
2020-03-29 04:12:07.325 gui/osgviz import 0.004115352
2020-03-29 04:12:07.332 gui/osgviz import 0.004009456
2020-03-29 04:12:07.338 gui/osgviz import 0.004123065
2020-03-29 04:12:07.343 gui/osgviz import 0.002837472
2020-03-29 04:12:07.348 gui/osgviz import 0.002550301
2020-03-29 04:12:01.560 base/cmake import 5.795381922
2020-03-29 04:12:07.354 gui/osgviz import 0.003097338
2020-03-29 04:12:07.356 base/cmake import 0.002492478
2020-03-29 04:12:07.359 gui/osgviz import 0.004056044
2020-03-29 04:12:07.360 base/cmake import 0.00303001
2020-03-29 04:12:07.364 gui/osgviz import 0.004089107
2020-03-29 04:12:07.365 base/cmake import 0.003592259
2020-03-29 04:12:07.370 gui/osgviz import 0.003911787
2020-03-29 04:12:07.371 base/cmake import 0.003267133
2020-03-29 04:12:07.375 gui/osgviz import 0.004033223
2020-03-29 04:12:07.377 base/cmake import 0.003391149
2020-03-29 04:12:07.381 gui/osgviz import 0.003704053
2020-03-29 04:12:07.382 base/cmake import 0.003210351
2020-03-29 04:12:07.387 gui/osgviz import 0.003530154
2020-03-29 04:12:07.388 base/cmake import 0.004293688
2020-03-29 04:12:07.395 base/cmake import 0.002808493
2020-03-29 04:12:07.400 base/cmake import 0.00306123
2020-03-29 04:12:07.404 base/cmake import 0.002741286
2020-03-29 04:12:07.410 base/cmake import 0.002923052
2020-03-29 04:12:07.414 base/cmake import 0.002644038
2020-03-29 04:12:07.418 base/cmake import 0.00313833
2020-03-29 04:12:07.423 base/cmake import 0.002901027
2020-03-29 04:12:07.427 base/cmake import 0.002747125
2020-03-29 04:12:07.432 base/cmake import 0.002612829
2020-03-29 04:12:07.436 base/cmake import 0.002761017
2020-03-29 04:12:01.849 perception/frame_helper import 6.293976173
2020-03-29 04:12:08.144 perception/frame_helper import 0.002990515
2020-03-29 04:12:08.148 perception/frame_helper import 0.0027117
2020-03-29 04:12:08.152 perception/frame_helper import 0.002663946
2020-03-29 04:12:08.157 perception/frame_helper import 0.002843598
2020-03-29 04:12:08.161 perception/frame_helper import 0.003729726
2020-03-29 04:12:08.167 perception/frame_helper import 0.006070475
2020-03-29 04:12:08.175 perception/frame_helper import 0.003732449
2020-03-29 04:12:08.180 perception/frame_helper import 0.003238692
2020-03-29 04:12:08.185 perception/frame_helper import 0.003242588
2020-03-29 04:12:08.190 perception/frame_helper import 0.003370962
2020-03-29 04:12:08.197 perception/frame_helper import 0.002840727
2020-03-29 04:12:08.201 perception/frame_helper import 0.002679835
2020-03-29 04:12:08.205 perception/frame_helper import 0.003221493
2020-03-29 04:12:08.210 perception/frame_helper import 0.003490331
2020-03-29 04:12:08.215 perception/frame_helper import 0.002925358
2020-03-29 04:12:08.220 perception/frame_helper import 0.003038254
2020-03-29 04:11:56.861 gui/vizkit3d_debug_drawings import 11.364898347
2020-03-29 04:12:08.225 perception/frame_helper import 0.003382743
2020-03-29 04:12:08.227 gui/vizkit3d_debug_drawings import 0.004863229
2020-03-29 04:12:08.234 gui/vizkit3d_debug_drawings import 0.00293452
2020-03-29 04:12:08.238 gui/vizkit3d_debug_drawings import 0.002930888
2020-03-29 04:12:08.243 gui/vizkit3d_debug_drawings import 0.002660803
2020-03-29 04:12:08.247 gui/vizkit3d_debug_drawings import 0.002629863
2020-03-29 04:12:08.251 gui/vizkit3d_debug_drawings import 0.003025372
2020-03-29 04:12:08.256 gui/vizkit3d_debug_drawings import 0.002920369
2020-03-29 04:12:08.260 gui/vizkit3d_debug_drawings import 0.00278514
2020-03-29 04:12:08.264 gui/vizkit3d_debug_drawings import 0.002542334
2020-03-29 04:12:08.268 gui/vizkit3d_debug_drawings import 0.002601896
2020-03-29 04:12:08.274 gui/vizkit3d_debug_drawings import 0.003117955
2020-03-29 04:12:08.278 gui/vizkit3d_debug_drawings import 0.002466425
2020-03-29 04:12:08.282 gui/vizkit3d_debug_drawings import 0.003063477
2020-03-29 04:12:08.287 gui/vizkit3d_debug_drawings import 0.002773981
2020-03-29 04:12:08.291 gui/vizkit3d_debug_drawings import 0.002716829
2020-03-29 04:12:08.295 gui/vizkit3d_debug_drawings import 0.002593586
2020-03-29 04:12:08.299 gui/vizkit3d_debug_drawings import 0.002575051
2020-03-29 04:12:06.240 base/orogen/std import 2.428045896
2020-03-29 04:12:08.674 base/orogen/std import 0.011016821
2020-03-29 04:12:08.691 base/orogen/std import 0.009725549
2020-03-29 04:12:08.707 base/orogen/std import 0.010295214
2020-03-29 04:12:08.722 base/orogen/std import 0.00984291
2020-03-29 04:12:08.738 base/orogen/std import 0.009703774
2020-03-29 04:12:08.753 base/orogen/std import 0.010262482
2020-03-29 04:12:08.769 base/orogen/std import 0.010375132
2020-03-29 04:12:08.783 base/orogen/std import 0.006960979
2020-03-29 04:12:08.793 base/orogen/std import 0.005595955
2020-03-29 04:12:08.802 base/orogen/std import 0.005580543
2020-03-29 04:12:08.813 base/orogen/std import 0.009310796
2020-03-29 04:12:08.825 base/orogen/std import 0.00524436
2020-03-29 04:12:08.833 base/orogen/std import 0.005411636
2020-03-29 04:12:08.842 base/orogen/std import 0.005565975
2020-03-29 04:12:08.850 base/orogen/std import 0.005792279
2020-03-29 04:12:08.859 base/orogen/std import 0.005496932
2020-03-29 04:12:08.867 base/orogen/std import 0.005963206
2020-03-29 04:12:06.249 drivers/orogen/aggregator import 2.943872291
2020-03-29 04:12:09.198 drivers/orogen/aggregator import 0.010156196
2020-03-29 04:12:09.214 drivers/orogen/aggregator import 0.009652554
2020-03-29 04:12:09.229 drivers/orogen/aggregator import 0.010007233
2020-03-29 04:12:09.245 drivers/orogen/aggregator import 0.011173483
2020-03-29 04:12:09.262 drivers/orogen/aggregator import 0.010342744
2020-03-29 04:12:09.277 drivers/orogen/aggregator import 0.013487941
2020-03-29 04:12:09.298 drivers/orogen/aggregator import 0.00895496
2020-03-29 04:12:09.310 drivers/orogen/aggregator import 0.005451688
2020-03-29 04:12:06.240 drivers/transformer import 3.080818298
2020-03-29 04:12:09.317 drivers/orogen/aggregator import 0.003891756
2020-03-29 04:12:09.323 drivers/transformer import 0.004763363
2020-03-29 04:12:09.325 drivers/orogen/aggregator import 0.003485018
2020-03-29 04:12:09.329 drivers/transformer import 0.004163893
2020-03-29 04:12:09.332 drivers/orogen/aggregator import 0.003992986
2020-03-29 04:12:09.336 drivers/transformer import 0.006943402
2020-03-29 04:12:09.339 drivers/orogen/aggregator import 0.004434595
2020-03-29 04:12:09.345 drivers/transformer import 0.004845269
2020-03-29 04:12:09.346 drivers/orogen/aggregator import 0.003955687
2020-03-29 04:12:09.352 drivers/transformer import 0.004554874
2020-03-29 04:12:09.354 drivers/orogen/aggregator import 0.002967472
2020-03-29 04:12:09.359 drivers/orogen/aggregator import 0.004547748
2020-03-29 04:12:09.358 drivers/transformer import 0.005879422
2020-03-29 04:12:09.365 drivers/orogen/aggregator import 0.005590719
2020-03-29 04:12:09.368 drivers/transformer import 0.003913648
2020-03-29 04:12:09.373 drivers/orogen/aggregator import 0.005455433
2020-03-29 04:12:09.374 drivers/transformer import 0.005075545
2020-03-29 04:12:09.382 drivers/transformer import 0.005478431
2020-03-29 04:12:09.391 drivers/transformer import 0.003414883
2020-03-29 04:12:09.398 drivers/transformer import 0.003108606
2020-03-29 04:12:09.402 drivers/transformer import 0.003400511
2020-03-29 04:12:09.408 drivers/transformer import 0.003010506
2020-03-29 04:12:09.413 drivers/transformer import 0.003292428
2020-03-29 04:12:09.418 drivers/transformer import 0.003933901
2020-03-29 04:12:09.424 drivers/transformer import 0.003120945
2020-03-29 04:12:09.428 drivers/transformer import 0.004408342
2020-03-29 04:12:07.441 tools/orogen_metadata import 2.37086641
2020-03-29 04:12:09.817 tools/orogen_metadata import 0.009969981
2020-03-29 04:12:09.833 tools/orogen_metadata import 0.012258685
2020-03-29 04:12:09.850 tools/orogen_metadata import 0.00490786
2020-03-29 04:12:09.858 tools/orogen_metadata import 0.003717833
2020-03-29 04:12:09.863 tools/orogen_metadata import 0.003236076
2020-03-29 04:12:09.870 tools/orogen_metadata import 0.003581182
2020-03-29 04:12:09.876 tools/orogen_metadata import 0.003158835
2020-03-29 04:12:09.881 tools/orogen_metadata import 0.002759768
2020-03-29 04:12:09.885 tools/orogen_metadata import 0.00272555
2020-03-29 04:12:09.889 tools/orogen_metadata import 0.002766228
2020-03-29 04:12:01.848 base/types import 8.04986285
2020-03-29 04:12:09.895 tools/orogen_metadata import 0.003576931
2020-03-29 04:12:09.900 base/types import 0.003688181
2020-03-29 04:12:09.901 tools/orogen_metadata import 0.003017767
2020-03-29 04:12:09.905 base/types import 0.003723918
2020-03-29 04:12:09.906 tools/orogen_metadata import 0.003048575
2020-03-29 04:12:09.910 base/types import 0.003407882
2020-03-29 04:12:09.911 tools/orogen_metadata import 0.002890111
2020-03-29 04:12:09.915 base/types import 0.003596322
2020-03-29 04:12:09.916 tools/orogen_metadata import 0.003081787
2020-03-29 04:12:09.920 base/types import 0.00350493
2020-03-29 04:12:09.921 tools/orogen_metadata import 0.002962123
2020-03-29 04:12:09.925 base/types import 0.003310247
2020-03-29 04:12:09.926 tools/orogen_metadata import 0.002818354
2020-03-29 04:12:09.930 base/types import 0.003314531
2020-03-29 04:12:09.935 base/types import 0.002866326
2020-03-29 04:12:09.940 base/types import 0.003591913
2020-03-29 04:12:09.945 base/types import 0.002819302
2020-03-29 04:12:09.951 base/types import 0.002953444
2020-03-29 04:12:09.955 base/types import 0.002759018
2020-03-29 04:12:09.959 base/types import 0.003046193
2020-03-29 04:12:09.964 base/types import 0.003077945
2020-03-29 04:12:09.969 base/types import 0.003163978
2020-03-29 04:12:07.394 tools/logger import 2.579498489
2020-03-29 04:12:09.974 base/types import 0.003774168
2020-03-29 04:12:09.975 tools/logger import 0.002851364
2020-03-29 04:12:09.979 base/types import 0.003909897
2020-03-29 04:12:09.980 tools/logger import 0.005692551
2020-03-29 04:12:09.989 tools/logger import 0.003528032
2020-03-29 04:12:09.994 tools/logger import 0.004547421
2020-03-29 04:12:10.000 tools/logger import 0.002447015
2020-03-29 04:12:10.004 tools/logger import 0.002731564
2020-03-29 04:12:10.008 tools/logger import 0.002708363
2020-03-29 04:12:10.012 tools/logger import 0.002397826
2020-03-29 04:12:10.016 tools/logger import 0.002502168
2020-03-29 04:12:10.020 tools/logger import 0.002420223
2020-03-29 04:12:10.025 tools/logger import 0.002761708
2020-03-29 04:12:10.029 tools/logger import 0.002565073
2020-03-29 04:12:10.033 tools/logger import 0.002279103
2020-03-29 04:12:10.037 tools/logger import 0.002433305
2020-03-29 04:12:10.041 tools/logger import 0.002585524
2020-03-29 04:12:10.045 tools/logger import 0.002498302
2020-03-29 04:12:10.049 tools/logger import 0.002545523
2020-03-29 04:12:08.880 rtt_typelib import 2.552280795
2020-03-29 04:12:11.438 rtt_typelib import 0.002694348
2020-03-29 04:12:11.442 rtt_typelib import 0.002459061
2020-03-29 04:12:11.446 rtt_typelib import 0.002490814
2020-03-29 04:12:11.449 rtt_typelib import 0.002429781
2020-03-29 04:12:11.453 rtt_typelib import 0.002390502
2020-03-29 04:12:11.457 rtt_typelib import 0.002529181
2020-03-29 04:12:11.461 rtt_typelib import 0.002325163
2020-03-29 04:12:11.465 rtt_typelib import 0.002418996
2020-03-29 04:12:11.469 rtt_typelib import 0.002367721
2020-03-29 04:12:11.472 rtt_typelib import 0.002652045
2020-03-29 04:12:11.476 rtt_typelib import 0.002440874
2020-03-29 04:12:11.480 rtt_typelib import 0.002449839
2020-03-29 04:12:11.484 rtt_typelib import 0.002393473
2020-03-29 04:12:11.488 rtt_typelib import 0.002415515
2020-03-29 04:12:11.492 rtt_typelib import 0.002401078
2020-03-29 04:12:11.496 rtt_typelib import 0.002365264
2020-03-29 04:12:11.500 rtt_typelib import 0.002243526
2020-03-29 04:12:11.503 rtt_typelib import 0.002460982
2020-03-29 04:12:11.507 rtt_typelib import 0.00235899
2020-03-29 04:12:11.511 rtt_typelib import 0.00226636
2020-03-29 04:12:11.514 rtt_typelib import 0.002405528
2020-03-29 04:12:08.305 perception/jpeg_conversion import 3.363792905
2020-03-29 04:12:11.674 perception/jpeg_conversion import 0.009734992
2020-03-29 04:12:11.689 perception/jpeg_conversion import 0.009031588
2020-03-29 04:12:11.704 perception/jpeg_conversion import 0.008955125
2020-03-29 04:12:11.718 perception/jpeg_conversion import 0.008920321
2020-03-29 04:12:11.732 perception/jpeg_conversion import 0.009070417
2020-03-29 04:12:11.746 perception/jpeg_conversion import 0.009127881
2020-03-29 04:12:11.760 perception/jpeg_conversion import 0.009340045
2020-03-29 04:12:11.775 perception/jpeg_conversion import 0.009420213
2020-03-29 04:12:11.789 perception/jpeg_conversion import 0.010015707
2020-03-29 04:12:11.805 perception/jpeg_conversion import 0.01014956
2020-03-29 04:12:11.825 perception/jpeg_conversion import 0.008958324
2020-03-29 04:12:11.839 perception/jpeg_conversion import 0.009447174
2020-03-29 04:12:11.854 perception/jpeg_conversion import 0.009161771
2020-03-29 04:12:11.868 perception/jpeg_conversion import 0.010329808
2020-03-29 04:12:11.884 perception/jpeg_conversion import 0.010531997
2020-03-29 04:12:11.899 perception/jpeg_conversion import 0.009342776
2020-03-29 04:12:11.914 perception/jpeg_conversion import 0.009529236
2020-03-29 04:12:09.987 base/orogen/types import 3.838338862
2020-03-29 04:12:13.827 base/orogen/types import 0.003095442
2020-03-29 04:12:13.831 base/orogen/types import 0.002373253
2020-03-29 04:12:13.835 base/orogen/types import 0.002319754
2020-03-29 04:12:13.839 base/orogen/types import 0.002142284
2020-03-29 04:12:13.842 base/orogen/types import 0.00236266
2020-03-29 04:12:13.846 base/orogen/types import 0.002178624
2020-03-29 04:12:13.849 base/orogen/types import 0.002682653
2020-03-29 04:12:13.853 base/orogen/types import 0.002981024
2020-03-29 04:12:10.054 base/logging import 3.804132764
2020-03-29 04:12:13.858 base/orogen/types import 0.003476994
2020-03-29 04:12:13.860 base/logging import 0.003365505
2020-03-29 04:12:13.863 base/orogen/types import 0.003607254
2020-03-29 04:12:13.866 base/logging import 0.002709519
2020-03-29 04:12:13.869 base/orogen/types import 0.003165935
2020-03-29 04:12:13.870 base/logging import 0.00279248
2020-03-29 04:12:13.874 base/orogen/types import 0.002847366
2020-03-29 04:12:13.875 base/logging import 0.002497335
2020-03-29 04:12:13.879 base/logging import 0.002835426
2020-03-29 04:12:13.879 base/orogen/types import 0.003688814
2020-03-29 04:12:13.883 base/logging import 0.003721573
2020-03-29 04:12:13.884 base/orogen/types import 0.003463176
2020-03-29 04:12:13.889 base/logging import 0.003268639
2020-03-29 04:12:13.890 base/orogen/types import 0.003165246
2020-03-29 04:12:13.895 base/orogen/types import 0.002477946
2020-03-29 04:12:13.898 base/orogen/types import 0.002475263
2020-03-29 04:12:13.894 base/logging import 0.038416888
2020-03-29 04:12:13.933 base/logging import 0.002709628
2020-03-29 04:12:13.938 base/logging import 0.00256665
2020-03-29 04:12:13.943 base/logging import 0.002430973
2020-03-29 04:12:13.947 base/logging import 0.002693795
2020-03-29 04:12:13.951 base/logging import 0.002643449
2020-03-29 04:12:13.955 base/logging import 0.002579854
2020-03-29 04:12:13.959 base/logging import 0.002506394
2020-03-29 04:12:13.963 base/logging import 0.003012023
2020-03-29 04:12:13.968 base/logging import 0.002643962
2020-03-29 04:12:02.317 tools/orocos.rb import 24.671083977
2020-03-29 04:12:26.990 tools/orocos.rb import 0.002834024
2020-03-29 04:12:26.994 tools/orocos.rb import 0.002482758
2020-03-29 04:12:26.998 tools/orocos.rb import 0.002564123
2020-03-29 04:12:27.002 tools/orocos.rb import 0.002324473
2020-03-29 04:12:27.005 tools/orocos.rb import 0.002399224
2020-03-29 04:12:27.009 tools/orocos.rb import 0.002452577
2020-03-29 04:12:27.013 tools/orocos.rb import 0.002325872
2020-03-29 04:12:27.016 tools/orocos.rb import 0.002119119
2020-03-29 04:12:27.020 tools/orocos.rb import 0.00291261
2020-03-29 04:12:27.024 tools/orocos.rb import 0.002326787
2020-03-29 04:12:27.029 tools/orocos.rb import 0.002428672
2020-03-29 04:12:27.033 tools/orocos.rb import 0.002766967
2020-03-29 04:12:27.037 tools/orocos.rb import 0.00225111
2020-03-29 04:12:27.040 tools/orocos.rb import 0.002558703
2020-03-29 04:12:27.044 tools/orocos.rb import 0.002400982
2020-03-29 04:12:27.047 tools/orocos.rb import 0.002461466
2020-03-29 04:12:27.051 tools/orocos.rb import 0.002352481
2020-03-29 04:12:27.057 tools/pocolog import 6.691059152
2020-03-29 04:12:33.749 tools/pocolog import 0.002897625
2020-03-29 04:12:33.754 tools/pocolog import 0.002722924
2020-03-29 04:12:33.758 tools/pocolog import 0.002792282
2020-03-29 04:12:33.762 tools/pocolog import 0.003043785
2020-03-29 04:12:33.767 tools/pocolog import 0.002758921
2020-03-29 04:12:33.771 tools/pocolog import 0.002836808
2020-03-29 04:12:33.775 tools/pocolog import 0.002588793
2020-03-29 04:12:33.779 tools/pocolog import 0.004379606
2020-03-29 04:12:33.785 tools/pocolog import 0.002430266
2020-03-29 04:12:33.788 tools/pocolog import 0.00251855
2020-03-29 04:12:33.794 tools/pocolog import 0.002683088
2020-03-29 04:12:33.798 tools/pocolog import 0.002517898
2020-03-29 04:12:33.801 tools/pocolog import 0.0024484
2020-03-29 04:12:33.805 tools/pocolog import 0.00260427
2020-03-29 04:12:33.809 tools/pocolog import 0.002723523
2020-03-29 04:12:33.813 tools/pocolog import 0.0029072
2020-03-29 04:12:33.818 tools/pocolog import 0.002695898
2020-03-29 04:12:08.233 tools/service_discovery import 27.165284139
2020-03-29 04:12:35.400 tools/service_discovery import 0.003189864
2020-03-29 04:12:35.404 tools/service_discovery import 0.002402177
2020-03-29 04:12:35.408 tools/service_discovery import 0.002431548
2020-03-29 04:12:35.412 tools/service_discovery import 0.002212713
2020-03-29 04:12:35.415 tools/service_discovery import 0.002247314
2020-03-29 04:12:35.419 tools/service_discovery import 0.002176776
2020-03-29 04:12:35.422 tools/service_discovery import 0.002509192
2020-03-29 04:12:35.426 tools/service_discovery import 0.00257703
2020-03-29 04:12:35.430 tools/service_discovery import 0.002707877
2020-03-29 04:12:35.434 tools/service_discovery import 0.002764553
2020-03-29 04:12:35.440 tools/service_discovery import 0.002537671
2020-03-29 04:12:35.443 tools/service_discovery import 0.002859954
2020-03-29 04:12:35.448 tools/service_discovery import 0.002907082
2020-03-29 04:12:35.452 tools/service_discovery import 0.002354687
2020-03-29 04:12:35.456 tools/service_discovery import 0.002497787
2020-03-29 04:12:35.460 tools/service_discovery import 0.002420703
2020-03-29 04:12:35.463 tools/service_discovery import 0.002382749
2020-03-29 04:12:09.934 orogen import 29.880065724
2020-03-29 04:12:39.815 orogen import 0.003031914
2020-03-29 04:12:39.820 orogen import 0.002610338
2020-03-29 04:12:39.824 orogen import 0.002651794
2020-03-29 04:12:39.828 orogen import 0.002746693
2020-03-29 04:12:39.832 orogen import 0.002562867
2020-03-29 04:12:39.836 orogen import 0.002530401
2020-03-29 04:12:39.840 orogen import 0.002533107
2020-03-29 04:12:39.844 orogen import 0.00325895
2020-03-29 04:12:39.848 orogen import 0.003018807
2020-03-29 04:12:39.853 orogen import 0.002520238
2020-03-29 04:12:39.857 orogen import 0.002693594
2020-03-29 04:12:39.861 orogen import 0.002502077
2020-03-29 04:12:39.864 orogen import 0.00283463
2020-03-29 04:12:39.869 orogen import 0.002684249
2020-03-29 04:12:39.874 orogen import 0.002705351
2020-03-29 04:12:39.878 orogen import 0.002513868
2020-03-29 04:12:39.882 orogen import 0.002387524
2020-03-29 04:12:39.886 orogen import 0.002677307
2020-03-29 04:12:39.890 orogen import 0.002693132
2020-03-29 04:12:39.894 orogen import 0.002663693
2020-03-29 04:12:39.898 orogen import 0.002746795
2020-03-29 04:12:09.387 typelib import 30.922386102
2020-03-29 04:12:40.311 typelib import 0.003321092
2020-03-29 04:12:40.315 typelib import 0.003173933
2020-03-29 04:12:40.320 typelib import 0.002601368
2020-03-29 04:12:40.324 typelib import 0.003029422
2020-03-29 04:12:40.328 typelib import 0.002656981
2020-03-29 04:12:40.332 typelib import 0.002844214
2020-03-29 04:12:40.336 typelib import 0.002510462
2020-03-29 04:12:40.340 typelib import 0.002512998
2020-03-29 04:12:40.344 typelib import 0.002702489
2020-03-29 04:12:40.348 typelib import 0.002468794
2020-03-29 04:12:40.352 typelib import 0.002581536
2020-03-29 04:12:40.356 typelib import 0.002375859
2020-03-29 04:12:40.360 typelib import 0.002591254
2020-03-29 04:12:40.364 typelib import 0.002821549
2020-03-29 04:12:40.370 typelib import 0.002730608
2020-03-29 04:12:40.374 typelib import 0.002690573
2020-03-29 04:12:40.378 typelib import 0.002537796
2020-03-29 04:12:40.382 typelib import 0.002717765
2020-03-29 04:12:40.386 typelib import 0.003237488
2020-03-29 04:12:40.391 typelib import 0.002655822
2020-03-29 04:12:40.395 typelib import 0.002838581
2020-03-29 04:12:33.823 utilrb import 8.607312254
2020-03-29 04:12:42.432 utilrb import 0.00313692
2020-03-29 04:12:42.437 utilrb import 0.004516324
2020-03-29 04:12:42.443 utilrb import 0.002821456
2020-03-29 04:12:42.448 utilrb import 0.003010793
2020-03-29 04:12:42.452 utilrb import 0.005312975
2020-03-29 04:12:42.460 utilrb import 0.003355928
2020-03-29 04:12:42.465 utilrb import 0.002902646
2020-03-29 04:12:42.469 utilrb import 0.004961905
2020-03-29 04:12:42.476 utilrb import 0.003388356
2020-03-29 04:12:42.481 utilrb import 0.003146476
2020-03-29 04:12:42.486 utilrb import 0.004185865
2020-03-29 04:12:42.493 utilrb import 0.003660485
2020-03-29 04:12:42.498 utilrb import 0.003166093
2020-03-29 04:12:42.503 utilrb import 0.004925804
2020-03-29 04:12:42.511 utilrb import 0.003228329
2020-03-29 04:12:42.516 utilrb import 0.003012454
2020-03-29 04:12:42.520 utilrb import 0.003761749
2020-03-29 04:12:42.526 utilrb import 0.003293951
2020-03-29 04:12:42.531 utilrb import 0.003118551
2020-03-29 04:12:42.536 utilrb import 0.003683685
2020-03-29 04:12:42.542 utilrb import 0.003369929
2020-03-29 04:12:39.904 tools/metaruby import 3.693684538
2020-03-29 04:12:43.599 tools/metaruby import 0.002788534
2020-03-29 04:12:43.604 tools/metaruby import 0.00278801
2020-03-29 04:12:43.608 tools/metaruby import 0.002617584
2020-03-29 04:12:43.612 tools/metaruby import 0.002382472
2020-03-29 04:12:43.615 tools/metaruby import 0.002566994
2020-03-29 04:12:43.619 tools/metaruby import 0.002592645
2020-03-29 04:12:43.623 tools/metaruby import 0.002930856
2020-03-29 04:12:43.628 tools/metaruby import 0.003061446
2020-03-29 04:12:43.632 tools/metaruby import 0.00285725
2020-03-29 04:12:43.637 tools/metaruby import 0.002848976
2020-03-29 04:12:43.641 tools/metaruby import 0.002792539
2020-03-29 04:12:43.645 tools/metaruby import 0.002919855
2020-03-29 04:12:43.649 tools/metaruby import 0.003097223
2020-03-29 04:12:43.654 tools/metaruby import 0.003185921
2020-03-29 04:12:43.661 tools/metaruby import 0.002932814
2020-03-29 04:12:43.665 tools/metaruby import 0.00316769
2020-03-29 04:12:43.670 tools/metaruby import 0.003501606
2020-03-29 04:12:43.675 tools/metaruby import 0.00335548
2020-03-29 04:12:43.680 tools/metaruby import 0.007167103
2020-03-29 04:12:43.691 tools/metaruby import 0.003266327
2020-03-29 04:12:43.696 tools/metaruby import 0.002796802
2020-03-29 04:12:11.518 external/sisl import 39.443672989
2020-03-29 04:12:50.964 external/sisl import 0.002900411
2020-03-29 04:12:50.968 external/sisl import 0.00252257
2020-03-29 04:12:50.972 external/sisl import 0.002683578
2020-03-29 04:12:50.976 external/sisl import 0.002858153
2020-03-29 04:12:50.980 external/sisl import 0.002714619
2020-03-29 04:12:50.984 external/sisl import 0.002649029
2020-03-29 04:12:50.988 external/sisl import 0.002985302
2020-03-29 04:12:50.993 external/sisl import 0.002829294
2020-03-29 04:12:50.997 external/sisl import 0.002790974
2020-03-29 04:12:51.001 external/sisl import 0.002747547
2020-03-29 04:12:51.006 external/sisl import 0.002584688
2020-03-29 04:12:51.010 external/sisl import 0.002598903
2020-03-29 04:12:51.014 external/sisl import 0.002521932
2020-03-29 04:12:51.018 external/sisl import 0.002663947
2020-03-29 04:12:51.022 external/sisl import 0.002700501
2020-03-29 04:12:51.026 external/sisl import 0.002788221
2020-03-29 04:12:51.030 external/sisl import 0.002888995
2020-03-29 04:11:59.582 tools/roby import 55.089384348
2020-03-29 04:12:54.673 tools/roby import 0.002980448
2020-03-29 04:12:54.677 tools/roby import 0.002969692
2020-03-29 04:12:54.682 tools/roby import 0.002610385
2020-03-29 04:12:54.685 tools/roby import 0.002527605
2020-03-29 04:12:54.689 tools/roby import 0.002459045
2020-03-29 04:12:54.694 tools/roby import 0.002386091
2020-03-29 04:12:54.697 tools/roby import 0.002522185
2020-03-29 04:12:54.701 tools/roby import 0.002468782
2020-03-29 04:12:54.705 tools/roby import 0.002997476
2020-03-29 04:12:54.709 tools/roby import 0.002595252
2020-03-29 04:12:54.714 tools/roby import 0.003121506
2020-03-29 04:12:54.719 tools/roby import 0.002557219
2020-03-29 04:12:54.723 tools/roby import 0.002901477
2020-03-29 04:12:54.727 tools/roby import 0.002995937
2020-03-29 04:12:54.732 tools/roby import 0.002947991
2020-03-29 04:12:54.736 tools/roby import 0.002968108
2020-03-29 04:12:54.740 tools/roby import 0.002897501
2020-03-29 04:12:09.440 rtt import 55.732074136
2020-03-29 04:13:05.173 rtt import 0.003200334
2020-03-29 04:13:05.178 rtt import 0.002867483
2020-03-29 04:13:05.182 rtt import 0.002565151
2020-03-29 04:13:05.186 rtt import 0.002511051
2020-03-29 04:13:05.190 rtt import 0.002513897
2020-03-29 04:13:05.194 rtt import 0.002942893
2020-03-29 04:13:05.198 rtt import 0.002858902
2020-03-29 04:13:05.203 rtt import 0.002710764
2020-03-29 04:13:05.207 rtt import 0.002679062
2020-03-29 04:13:05.211 rtt import 0.002821878
2020-03-29 04:13:05.215 rtt import 0.002733127
2020-03-29 04:13:05.219 rtt import 0.002605887
2020-03-29 04:13:05.223 rtt import 0.003083585
2020-03-29 04:13:05.228 rtt import 0.002544508
2020-03-29 04:13:05.233 rtt import 0.002855002
2020-03-29 04:13:05.238 rtt import 0.002950851
2020-03-29 04:13:05.242 rtt import 0.002694853
2020-03-29 04:13:05.246 rtt import 0.002615659
2020-03-29 04:13:05.250 rtt import 0.002651518
2020-03-29 04:13:05.255 rtt import 0.00275926
2020-03-29 04:13:05.259 rtt import 0.002650088
2020-03-29 04:13:05.263 rtt import 0.006492057
2020-03-29 04:13:05.271 rtt import 0.002632226
2020-03-29 04:13:05.275 rtt import 0.003282706
2020-03-29 04:13:05.279 rtt import 0.008094252
2020-03-29 04:13:05.290 rtt import 0.002974617
2020-03-29 04:13:05.294 rtt import 0.062465872
2020-03-29 04:13:05.358 rtt import 0.003364651
2020-03-29 04:13:05.363 rtt import 0.002678373
2020-03-29 04:13:05.772 autoproj osdeps 253.357552411
2020-03-29 04:17:19.140 autoproj osdeps 281.294678506
2020-03-29 04:25:39.325 base/cmake configure 1.009624303
2020-03-29 04:25:40.392 base/cmake build 0.024172592
2020-03-29 04:25:40.464 base/cmake prepare 0.002681777
2020-03-29 04:25:40.514 base/cmake build 0.024253215
2020-03-29 04:25:40.590 base/cmake install 0.040532182
2020-03-29 04:25:40.683 gui/osgviz configure 1.289257648
2020-03-29 04:25:42.022 gui/osgviz build 0.068402001
2020-03-29 04:25:42.136 gui/osgviz build 24.47112006
2020-03-29 04:26:06.659 gui/osgviz install 0.138454626
2020-03-29 04:26:06.851 gui/vizkit3d configure 3.947935703
2020-03-29 04:26:10.848 gui/vizkit3d build 2.395606659
2020-03-29 04:26:13.291 gui/vizkit3d build 32.624539761
2020-03-29 04:26:45.968 gui/vizkit3d install 0.171584773
2020-03-29 04:27:01.784 utilrb post-install 0.215512837
2020-03-29 04:27:02.056 tools/metaruby post-install 0.246258982
2020-03-29 04:27:02.359 tools/roby post-install 0.29996767
2020-03-29 04:27:02.715 base/scripts post-install 0.330116579
2020-03-29 04:27:25.088 external/sisl configure 1.449338568
2020-03-29 04:27:25.065 rtt configure 1.662466753
2020-03-29 04:27:25.119 base/logging configure 1.621539526
2020-03-29 04:27:26.834 base/logging build 0.038351169
2020-03-29 04:27:26.622 external/sisl build 0.252173488
2020-03-29 04:27:26.953 base/logging prepare 0.004372612
2020-03-29 04:27:26.955 external/sisl prepare 0.003270929
2020-03-29 04:27:26.808 rtt build 0.294943941
2020-03-29 04:27:27.025 base/logging build 0.44712155
2020-03-29 04:27:27.753 base/logging install 0.098601994
2020-03-29 04:27:25.084 typelib configure 5.42809344
2020-03-29 04:27:30.787 typelib build 0.596321886
2020-03-29 04:27:27.937 tools/service_discovery configure 10.170900304
2020-03-29 04:27:38.236 tools/service_discovery build 7.548510316
2020-03-29 04:27:45.867 tools/service_discovery build 43.780551656
2020-03-29 04:28:32.074 tools/service_discovery install 0.221210173
2020-03-29 04:27:27.024 external/sisl build 69.994278569
2020-03-29 04:28:41.166 external/sisl install 0.535540167
2020-03-29 04:27:31.479 typelib build 74.208263286
2020-03-29 04:28:47.232 typelib install 0.219908488
2020-03-29 04:28:48.551 tools/pocolog post-install 0.652980315
2020-03-29 04:28:43.103 base/types configure 8.861654873
2020-03-29 04:28:48.844 tools/orogen_metadata configure 5.800792493
2020-03-29 04:28:52.095 base/types build 4.656093157
2020-03-29 04:28:55.404 tools/orogen_metadata build 4.080600978
2020-03-29 04:28:59.589 tools/orogen_metadata build 0.039836598
2020-03-29 04:29:00.405 tools/orogen_metadata install 0.063496333
2020-03-29 04:27:27.175 rtt build 186.093535808
2020-03-29 04:30:35.884 rtt install 0.35753877
2020-03-29 04:30:37.166 rtt_typelib configure 1.685115181
2020-03-29 04:30:38.955 rtt_typelib build 0.181544942
2020-03-29 04:30:39.231 rtt_typelib build 3.098670646
2020-03-29 04:30:46.022 rtt_typelib install 0.111541817
2020-03-29 04:30:46.504 orogen post-install 0.473247704
2020-03-29 04:30:47.162 base/orogen/std orogen 0.967457692
2020-03-29 04:30:52.632 base/orogen/std configure 2.132114225
2020-03-29 04:30:56.690 base/orogen/std build 0.119061743
2020-03-29 04:28:56.826 base/types build 128.0952434
2020-03-29 04:31:05.379 base/types install 0.434131188
2020-03-29 04:31:05.923 drivers/aggregator configure 1.751632704
2020-03-29 04:31:07.923 drivers/aggregator build 0.042586976
2020-03-29 04:31:08.062 drivers/aggregator build 1.66520557
2020-03-29 04:31:11.958 drivers/aggregator install 0.108885314
2020-03-29 04:31:05.900 perception/jpeg_conversion configure 9.816779533
2020-03-29 04:31:12.831 drivers/transformer configure 9.052152753
2020-03-29 04:31:19.969 perception/jpeg_conversion build 7.714182532
2020-03-29 04:31:22.099 drivers/transformer build 7.352805836
2020-03-29 04:31:27.781 perception/jpeg_conversion build 5.849330035
2020-03-29 04:31:35.292 perception/jpeg_conversion install 0.157685781
2020-03-29 04:31:29.546 drivers/transformer build 8.876512724
2020-03-29 04:31:38.501 drivers/transformer install 0.096359024
2020-03-29 04:31:35.532 perception/frame_helper configure 10.706922899
2020-03-29 04:31:48.588 perception/frame_helper build 8.480898266
2020-03-29 04:31:57.174 perception/frame_helper build 12.922883943
2020-03-29 04:32:10.168 perception/frame_helper install 0.141927695
2020-03-29 04:30:56.901 base/orogen/std build 75.2191786
2020-03-29 04:32:12.182 base/orogen/std install 0.200925565
2020-03-29 04:32:10.388 gui/rock_widget_collection configure 2.497094639
2020-03-29 04:32:12.964 gui/rock_widget_collection build 0.260980734
2020-03-29 04:32:12.493 tools/orocos.rb post-install 58.514770727
2020-03-29 04:32:13.308 gui/rock_widget_collection build 80.713019342
2020-03-29 04:33:34.082 gui/rock_widget_collection install 0.405882246
2020-03-29 04:32:12.587 base/orogen/types orogen 133.861380278
2020-03-29 04:34:26.513 base/orogen/types configure 3.992053664
2020-03-29 04:34:30.571 base/orogen/types build 2.566625281
2020-03-29 04:34:33.188 base/orogen/types build 280.253902893
2020-03-29 04:39:13.500 base/orogen/types install 0.6155654
2020-03-29 04:39:14.236 tools/logger orogen 0.884041655
2020-03-29 04:39:15.184 tools/logger configure 1.923962198
2020-03-29 04:39:17.169 tools/logger build 0.086221224
2020-03-29 04:39:17.306 tools/logger build 25.467076043
2020-03-29 04:39:42.835 tools/logger install 0.188361859
2020-03-29 04:39:43.148 drivers/orogen/aggregator orogen 1.041918974
2020-03-29 04:39:44.254 drivers/orogen/aggregator configure 1.466080669
2020-03-29 04:39:45.782 drivers/orogen/aggregator build 0.063484032
2020-03-29 04:39:45.899 drivers/orogen/aggregator build 11.13842978
2020-03-29 04:39:57.097 drivers/orogen/aggregator install 0.157764159
2020-03-29 04:39:57.379 drivers/orogen/transformer orogen 6.331517849
2020-03-29 04:40:03.785 drivers/orogen/transformer configure 4.836201834
2020-03-29 04:40:08.686 drivers/orogen/transformer build 2.535366046
2020-03-29 04:40:11.274 drivers/orogen/transformer build 30.374819419
2020-03-29 04:40:41.716 drivers/orogen/transformer install 0.226009009
2020-03-29 04:40:42.010 gui/vizkit post-install 27.217541079
2020-03-30 21:49:46.718 gui/vizkit3d_debug_drawings configure 1.924641331
2020-03-30 21:49:48.692 gui/vizkit3d_debug_drawings build 0.200923122
2020-03-30 21:49:48.940 gui/vizkit3d_debug_drawings prepare 0.002645342
2020-03-30 21:49:48.988 gui/vizkit3d_debug_drawings build 44.444525757
2020-03-30 21:50:33.492 gui/vizkit3d_debug_drawings install 0.237017719
2020-03-31 11:18:07.886 gui/vizkit3d build 2.578934161
2020-03-31 11:18:10.513 gui/vizkit3d prepare 0.003234195
2020-03-31 11:18:10.565 gui/vizkit3d build 0.139206645
2020-03-31 11:18:10.761 gui/vizkit3d install 0.15873228
2020-03-31 11:18:10.980 gui/vizkit3d_debug_drawings configure 1.791240197
2020-03-31 11:18:12.834 gui/vizkit3d_debug_drawings build 0.193987502
2020-03-31 11:18:13.076 gui/vizkit3d_debug_drawings build 4.109458757
2020-03-31 11:18:17.244 gui/vizkit3d_debug_drawings install 0.228299528
2020-03-31 11:19:10.797 Grid-visual build 0.042665957
2020-03-31 11:19:10.890 Grid-visual prepare 0.00300626
2020-03-31 11:19:10.943 Grid-visual build 5.739140899
2020-03-31 11:19:16.742 Grid-visual install 0.070438371
2020-04-03 21:54:45.934 gui/vizkit3d prepare 0.00354894
2020-04-03 21:54:45.989 gui/vizkit3d build 4.947896559
2020-04-03 21:54:50.996 gui/vizkit3d install 0.172925373
2020-04-03 21:54:51.230 gui/vizkit3d_debug_drawings configure 1.814773615
2020-04-03 21:54:53.113 gui/vizkit3d_debug_drawings build 4.316979532
2020-04-03 21:54:57.490 gui/vizkit3d_debug_drawings install 0.239482019
2020-04-03 21:55:21.030 Grid-visual prepare 0.002747453
2020-04-03 21:55:21.086 Grid-visual build 0.65822713
2020-04-03 21:55:21.805 Grid-visual install 0.074878109
2020-04-04 11:50:23.023 gui/vizkit3d build 2.49343961
2020-04-04 11:50:25.568 gui/vizkit3d prepare 0.002988043
2020-04-04 11:51:07.628 gui/vizkit3d build 2.421302023
2020-04-04 11:51:10.097 gui/vizkit3d prepare 0.002698558
2020-04-04 11:53:39.363 gui/vizkit3d build 2.420344838
2020-04-04 11:53:41.833 gui/vizkit3d prepare 0.002810804
2020-04-04 22:35:53.860 gui/vizkit3d build 2.48960387
2020-04-04 22:35:56.395 gui/vizkit3d prepare 0.002983935
2020-04-04 22:36:26.716 gui/vizkit3d build 2.411326186
2020-04-04 22:36:29.176 gui/vizkit3d prepare 0.002410289
2020-04-04 22:38:50.232 gui/vizkit3d build 2.263438604
2020-04-04 22:38:52.541 gui/vizkit3d prepare 0.002391576
2020-04-04 22:58:29.892 gui/vizkit3d build 2.479343737
2020-04-04 22:58:32.422 gui/vizkit3d prepare 0.002637782
2020-04-04 23:09:18.207 gui/vizkit3d build 2.415634688
2020-04-04 23:09:20.670 gui/vizkit3d prepare 0.002414144
2020-04-04 23:09:54.979 gui/vizkit3d build 2.39871494
2020-04-04 23:09:57.419 gui/vizkit3d prepare 0.00218446
2020-04-04 23:45:13.928 gui/vizkit3d build 2.447143785
2020-04-04 23:45:16.424 gui/vizkit3d prepare 0.002463796
2020-04-04 23:47:05.540 gui/vizkit3d build 2.448396552
2020-04-04 23:47:08.036 gui/vizkit3d prepare 0.002483073
2020-04-05 00:09:25.131 gui/vizkit3d build 2.671932364
2020-04-05 00:09:27.857 gui/vizkit3d prepare 0.002490133
2020-04-05 00:10:15.345 gui/vizkit3d build 2.66931787
2020-04-05 00:10:18.068 gui/vizkit3d prepare 0.002928701
2020-04-05 00:13:02.132 gui/vizkit3d build 2.568798822
2020-04-05 00:13:04.750 gui/vizkit3d prepare 0.002774437
2020-04-05 00:21:35.782 gui/vizkit3d build 2.893450508
2020-04-05 00:21:38.732 gui/vizkit3d prepare 0.002895997
2020-04-05 00:21:38.799 gui/vizkit3d build 15.574984197
2020-04-05 00:21:54.436 gui/vizkit3d install 0.192005169
2020-04-05 00:22:36.433 gui/vizkit3d_debug_drawings configure 1.807177302
2020-04-05 00:22:38.299 gui/vizkit3d_debug_drawings build 0.202512952
2020-04-05 00:22:38.552 gui/vizkit3d_debug_drawings prepare 0.002853146
2020-04-05 00:22:38.608 gui/vizkit3d_debug_drawings build 16.680356389
2020-04-05 00:22:55.346 gui/vizkit3d_debug_drawings install 0.228448294
2020-04-05 00:23:33.597 Grid-visual build 0.042837875
2020-04-05 00:23:33.690 Grid-visual prepare 0.003020294
2020-04-05 00:23:33.745 Grid-visual build 5.535819908
2020-04-05 00:23:39.338 Grid-visual install 0.077927535
2020-04-05 00:25:02.282 gui/vizkit3d build 2.464485608
2020-04-05 00:25:04.796 gui/vizkit3d prepare 0.003181734
2020-04-05 00:25:04.850 gui/vizkit3d build 9.311436907
2020-04-05 00:25:14.220 gui/vizkit3d install 0.177713264
2020-04-05 00:26:39.378 gui/vizkit3d build 2.412139994
2020-04-05 00:26:41.839 gui/vizkit3d prepare 0.002438246
2020-04-05 00:26:41.890 gui/vizkit3d build 18.113909173
2020-04-05 00:27:00.080 gui/vizkit3d install 0.178230022
2020-04-05 00:55:37.817 gui/vizkit3d build 2.399831653
2020-04-05 00:55:40.266 gui/vizkit3d prepare 0.002527002
2020-04-05 00:57:07.106 gui/vizkit3d build 2.417125874
2020-04-05 00:57:09.572 gui/vizkit3d prepare 0.002583422
2020-04-05 00:59:59.267 gui/vizkit3d build 2.451092907
2020-04-05 01:00:01.760 gui/vizkit3d prepare 0.002296812
2020-04-05 01:00:01.805 gui/vizkit3d build 12.035136125
2020-04-05 01:00:13.899 gui/vizkit3d install 0.168732067
2020-04-05 02:12:04.479 gui/vizkit3d build 2.457507048
2020-04-05 02:12:06.986 gui/vizkit3d prepare 0.002706193
2020-04-05 02:13:09.261 gui/vizkit3d build 2.570925819
2020-04-05 02:13:11.890 gui/vizkit3d prepare 0.002733145
2020-04-05 02:13:11.955 gui/vizkit3d build 15.581307411
2020-04-05 02:13:27.603 gui/vizkit3d install 0.203992007
2020-04-05 02:14:11.886 gui/vizkit3d_debug_drawings configure 1.716131966
2020-04-05 02:14:13.664 gui/vizkit3d_debug_drawings build 0.19251393
2020-04-05 02:14:13.905 gui/vizkit3d_debug_drawings prepare 0.002788233
2020-04-05 02:14:13.959 gui/vizkit3d_debug_drawings build 17.741113307
2020-04-05 02:14:31.757 gui/vizkit3d_debug_drawings install 0.241294294
2020-04-05 02:15:01.954 Grid-visual build 0.043037402
2020-04-05 02:15:02.048 Grid-visual prepare 0.00273226
2020-04-05 02:15:02.103 Grid-visual build 5.566307571
2020-04-05 02:15:07.730 Grid-visual install 0.073624874
2020-04-05 02:21:24.812 gui/vizkit3d build 2.401513145
2020-04-05 02:21:27.262 gui/vizkit3d prepare 0.002681688
2020-04-05 02:21:27.315 gui/vizkit3d build 9.616991749
2020-04-05 02:21:36.991 gui/vizkit3d install 0.176810711
2020-04-05 02:22:13.262 gui/vizkit3d_debug_drawings configure 1.788778263
2020-04-05 02:22:15.108 gui/vizkit3d_debug_drawings build 0.19197553
2020-04-05 02:22:15.349 gui/vizkit3d_debug_drawings prepare 0.002779353
2020-04-05 02:22:15.402 gui/vizkit3d_debug_drawings build 3.995922833
2020-04-05 02:22:19.454 gui/vizkit3d_debug_drawings install 0.229126549
2020-04-05 02:23:31.636 Grid-visual build 0.043804553
2020-04-05 02:23:31.730 Grid-visual prepare 0.003222352
2020-04-05 02:23:31.787 Grid-visual build 0.648028289
2020-04-05 02:23:32.494 Grid-visual install 0.072683935
2020-04-05 02:38:04.176 gui/vizkit3d build 2.436663699
2020-04-05 02:38:06.662 gui/vizkit3d prepare 0.002820234
2020-04-05 02:38:06.714 gui/vizkit3d build 9.252335048
2020-04-05 02:38:16.025 gui/vizkit3d install 0.171516586
2020-04-05 02:38:39.612 gui/vizkit3d_debug_drawings configure 1.772132138
2020-04-05 02:38:41.442 gui/vizkit3d_debug_drawings build 0.191192067
2020-04-05 02:38:41.683 gui/vizkit3d_debug_drawings prepare 0.002666625
2020-04-05 02:38:41.737 gui/vizkit3d_debug_drawings build 4.012578215
2020-04-05 02:38:45.806 gui/vizkit3d_debug_drawings install 0.22832937
2020-04-05 02:39:10.075 Grid-visual build 0.043697267
2020-04-05 02:39:10.169 Grid-visual prepare 0.002729548
2020-04-05 02:39:10.222 Grid-visual build 0.6389996
2020-04-05 02:39:10.918 Grid-visual install 0.073940838
2020-04-05 02:43:47.164 gui/vizkit3d build 3.142007127
2020-04-05 02:43:50.369 gui/vizkit3d prepare 0.003127638
2020-04-05 02:43:50.435 gui/vizkit3d build 9.906399354
2020-04-05 02:44:00.415 gui/vizkit3d install 0.216531548
2020-04-05 02:44:53.798 gui/vizkit3d_debug_drawings configure 1.70208895
2020-04-05 02:44:55.559 gui/vizkit3d_debug_drawings build 0.192500894
2020-04-05 02:44:55.801 gui/vizkit3d_debug_drawings prepare 0.003127909
2020-04-05 02:44:55.854 gui/vizkit3d_debug_drawings build 3.998581281
2020-04-05 02:44:59.909 gui/vizkit3d_debug_drawings install 0.240716373
2020-04-05 02:47:28.592 gui/vizkit3d build 2.67504814
2020-04-05 02:47:31.321 gui/vizkit3d prepare 0.003069162
2020-04-05 02:47:31.378 gui/vizkit3d build 9.690205359
2020-04-05 02:47:41.152 gui/vizkit3d install 0.206329656
2020-04-05 02:51:27.059 gui/vizkit3d_debug_drawings configure 1.805221532
2020-04-05 02:51:28.922 gui/vizkit3d_debug_drawings build 0.190479468
2020-04-05 02:51:29.161 gui/vizkit3d_debug_drawings prepare 0.00279301
2020-04-05 02:51:29.214 gui/vizkit3d_debug_drawings build 4.01717534
2020-04-05 02:51:33.287 gui/vizkit3d_debug_drawings install 0.227943842
2020-04-05 02:51:46.847 Grid-visual build 0.047640059
2020-04-05 02:51:46.946 Grid-visual prepare 0.002845977
2020-04-05 02:51:47.002 Grid-visual build 0.654910528
2020-04-05 02:51:47.714 Grid-visual install 0.071515864
2020-04-05 02:53:13.375 gui/vizkit3d build 2.425731939
2020-04-05 02:53:15.850 gui/vizkit3d prepare 0.002630224
2020-04-05 02:56:16.568 gui/vizkit3d build 2.424065325
2020-04-05 02:56:19.041 gui/vizkit3d prepare 0.002561807
2020-04-05 02:56:19.093 gui/vizkit3d build 9.350452562
2020-04-05 02:56:28.502 gui/vizkit3d install 0.17250896
2020-04-05 02:57:13.940 gui/vizkit3d_debug_drawings configure 1.733837259
2020-04-05 02:57:15.732 gui/vizkit3d_debug_drawings build 0.192472254
2020-04-05 02:57:15.974 gui/vizkit3d_debug_drawings prepare 0.002751116
2020-04-05 02:57:16.028 gui/vizkit3d_debug_drawings build 4.001304739
2020-04-05 02:57:20.085 gui/vizkit3d_debug_drawings install 0.23262639
2020-04-06 11:11:31.718 gui/vizkit3d build 2.345412404
2020-04-06 11:11:34.110 gui/vizkit3d prepare 0.002970316
2020-04-06 11:11:34.159 gui/vizkit3d build 9.856313356
2020-04-06 11:11:44.071 gui/vizkit3d install 0.197187504
